

Started GET "/" for ::1 at 2016-05-17 22:16:58 -0700
Processing by Rails::WelcomeController#index as HTML
  Rendered /Users/jborrey/.rbenv/versions/2.3.0/lib/ruby/gems/2.3.0/gems/railties-4.2.6/lib/rails/templates/rails/welcome/index.html.erb (3.1ms)
Completed 200 OK in 44ms (Views: 43.4ms | ActiveRecord: 0.0ms)


Started GET "/" for ::1 at 2016-05-26 00:05:53 -0700

PG::ConnectionBad (could not connect to server: Connection refused
	Is the server running on host "localhost" (::1) and accepting
	TCP/IP connections on port 5432?
could not connect to server: Connection refused
	Is the server running on host "localhost" (127.0.0.1) and accepting
	TCP/IP connections on port 5432?
):
  activerecord (4.2.6) lib/active_record/connection_adapters/postgresql_adapter.rb:651:in `initialize'
  activerecord (4.2.6) lib/active_record/connection_adapters/postgresql_adapter.rb:651:in `new'
  activerecord (4.2.6) lib/active_record/connection_adapters/postgresql_adapter.rb:651:in `connect'
  activerecord (4.2.6) lib/active_record/connection_adapters/postgresql_adapter.rb:242:in `initialize'
  activerecord (4.2.6) lib/active_record/connection_adapters/postgresql_adapter.rb:44:in `new'
  activerecord (4.2.6) lib/active_record/connection_adapters/postgresql_adapter.rb:44:in `postgresql_connection'
  activerecord (4.2.6) lib/active_record/connection_adapters/abstract/connection_pool.rb:438:in `new_connection'
  activerecord (4.2.6) lib/active_record/connection_adapters/abstract/connection_pool.rb:448:in `checkout_new_connection'
  activerecord (4.2.6) lib/active_record/connection_adapters/abstract/connection_pool.rb:422:in `acquire_connection'
  activerecord (4.2.6) lib/active_record/connection_adapters/abstract/connection_pool.rb:349:in `block in checkout'
  /Users/jborrey/.rbenv/versions/2.3.0/lib/ruby/2.3.0/monitor.rb:214:in `mon_synchronize'
  activerecord (4.2.6) lib/active_record/connection_adapters/abstract/connection_pool.rb:348:in `checkout'
  activerecord (4.2.6) lib/active_record/connection_adapters/abstract/connection_pool.rb:263:in `block in connection'
  /Users/jborrey/.rbenv/versions/2.3.0/lib/ruby/2.3.0/monitor.rb:214:in `mon_synchronize'
  activerecord (4.2.6) lib/active_record/connection_adapters/abstract/connection_pool.rb:262:in `connection'
  activerecord (4.2.6) lib/active_record/connection_adapters/abstract/connection_pool.rb:571:in `retrieve_connection'
  activerecord (4.2.6) lib/active_record/connection_handling.rb:113:in `retrieve_connection'
  activerecord (4.2.6) lib/active_record/connection_handling.rb:87:in `connection'
  activerecord (4.2.6) lib/active_record/migration.rb:383:in `connection'
  activerecord (4.2.6) lib/active_record/migration.rb:370:in `call'
  actionpack (4.2.6) lib/action_dispatch/middleware/callbacks.rb:29:in `block in call'
  activesupport (4.2.6) lib/active_support/callbacks.rb:88:in `__run_callbacks__'
  activesupport (4.2.6) lib/active_support/callbacks.rb:778:in `_run_call_callbacks'
  activesupport (4.2.6) lib/active_support/callbacks.rb:81:in `run_callbacks'
  actionpack (4.2.6) lib/action_dispatch/middleware/callbacks.rb:27:in `call'
  actionpack (4.2.6) lib/action_dispatch/middleware/reloader.rb:73:in `call'
  actionpack (4.2.6) lib/action_dispatch/middleware/remote_ip.rb:78:in `call'
  actionpack (4.2.6) lib/action_dispatch/middleware/debug_exceptions.rb:17:in `call'
  actionpack (4.2.6) lib/action_dispatch/middleware/show_exceptions.rb:30:in `call'
  railties (4.2.6) lib/rails/rack/logger.rb:38:in `call_app'
  railties (4.2.6) lib/rails/rack/logger.rb:20:in `block in call'
  activesupport (4.2.6) lib/active_support/tagged_logging.rb:68:in `block in tagged'
  activesupport (4.2.6) lib/active_support/tagged_logging.rb:26:in `tagged'
  activesupport (4.2.6) lib/active_support/tagged_logging.rb:68:in `tagged'
  railties (4.2.6) lib/rails/rack/logger.rb:20:in `call'
  actionpack (4.2.6) lib/action_dispatch/middleware/request_id.rb:21:in `call'
  rack (1.6.4) lib/rack/runtime.rb:18:in `call'
  activesupport (4.2.6) lib/active_support/cache/strategy/local_cache_middleware.rb:28:in `call'
  rack (1.6.4) lib/rack/lock.rb:17:in `call'
  actionpack (4.2.6) lib/action_dispatch/middleware/static.rb:120:in `call'
  railties (4.2.6) lib/rails/engine.rb:518:in `call'
  railties (4.2.6) lib/rails/application.rb:165:in `call'
  rack (1.6.4) lib/rack/lock.rb:17:in `call'
  rack (1.6.4) lib/rack/content_length.rb:15:in `call'
  rack (1.6.4) lib/rack/handler/webrick.rb:88:in `service'
  /Users/jborrey/.rbenv/versions/2.3.0/lib/ruby/2.3.0/webrick/httpserver.rb:140:in `service'
  /Users/jborrey/.rbenv/versions/2.3.0/lib/ruby/2.3.0/webrick/httpserver.rb:96:in `run'
  /Users/jborrey/.rbenv/versions/2.3.0/lib/ruby/2.3.0/webrick/server.rb:296:in `block in start_thread'


  Rendered /Users/jborrey/.rbenv/versions/2.3.0/lib/ruby/gems/2.3.0/gems/actionpack-4.2.6/lib/action_dispatch/middleware/templates/rescues/_source.erb (2.2ms)
  Rendered /Users/jborrey/.rbenv/versions/2.3.0/lib/ruby/gems/2.3.0/gems/actionpack-4.2.6/lib/action_dispatch/middleware/templates/rescues/_trace.html.erb (1.2ms)
  Rendered /Users/jborrey/.rbenv/versions/2.3.0/lib/ruby/gems/2.3.0/gems/actionpack-4.2.6/lib/action_dispatch/middleware/templates/rescues/_request_and_response.html.erb (0.7ms)
  Rendered /Users/jborrey/.rbenv/versions/2.3.0/lib/ruby/gems/2.3.0/gems/actionpack-4.2.6/lib/action_dispatch/middleware/templates/rescues/diagnostics.html.erb within rescues/layout (50.6ms)
  [1m[36m (11.5ms)[0m  [1mCREATE TABLE "schema_migrations" ("version" character varying NOT NULL) [0m
  [1m[35m (1.0ms)[0m  CREATE UNIQUE INDEX  "unique_schema_migrations" ON "schema_migrations"  ("version")
  [1m[36mActiveRecord::SchemaMigration Load (0.3ms)[0m  [1mSELECT "schema_migrations".* FROM "schema_migrations"[0m
Migrating to CreateUsers (20160704190941)
  [1m[35m (0.2ms)[0m  BEGIN
  [1m[36m (18.5ms)[0m  [1mCREATE TABLE "users" ("id" serial primary key, "first_name" character varying, "last_name" character varying, "username" character varying(24), "email" character varying, "created_at" timestamp NOT NULL, "updated_at" timestamp NOT NULL) [0m
  [1m[35m (1.1ms)[0m  CREATE UNIQUE INDEX  "index_users_on_username" ON "users"  ("username")
  [1m[36m (1.1ms)[0m  [1mCREATE UNIQUE INDEX  "index_users_on_email" ON "users"  ("email")[0m
  [1m[35mSQL (0.6ms)[0m  INSERT INTO "schema_migrations" ("version") VALUES ($1)  [["version", "20160704190941"]]
  [1m[36m (4.3ms)[0m  [1mCOMMIT[0m
  [1m[35mActiveRecord::SchemaMigration Load (0.2ms)[0m  SELECT "schema_migrations".* FROM "schema_migrations"
  [1m[36m (3.5ms)[0m  [1mSELECT t2.oid::regclass::text AS to_table, a1.attname AS column, a2.attname AS primary_key, c.conname AS name, c.confupdtype AS on_update, c.confdeltype AS on_delete
FROM pg_constraint c
JOIN pg_class t1 ON c.conrelid = t1.oid
JOIN pg_class t2 ON c.confrelid = t2.oid
JOIN pg_attribute a1 ON a1.attnum = c.conkey[1] AND a1.attrelid = t1.oid
JOIN pg_attribute a2 ON a2.attnum = c.confkey[1] AND a2.attrelid = t2.oid
JOIN pg_namespace t3 ON c.connamespace = t3.oid
WHERE c.contype = 'f'
  AND t1.relname = 'users'
  AND t3.nspname = ANY (current_schemas(false))
ORDER BY c.conname
[0m
  [1m[36mActiveRecord::SchemaMigration Load (0.4ms)[0m  [1mSELECT "schema_migrations".* FROM "schema_migrations"[0m
Migrating to DropTableUser (20160704192056)
  [1m[35m (0.2ms)[0m  BEGIN
  [1m[36mSQL (0.3ms)[0m  [1mINSERT INTO "schema_migrations" ("version") VALUES ($1)[0m  [["version", "20160704192056"]]
  [1m[35m (0.4ms)[0m  COMMIT
  [1m[36mActiveRecord::SchemaMigration Load (0.2ms)[0m  [1mSELECT "schema_migrations".* FROM "schema_migrations"[0m
  [1m[35m (1.9ms)[0m  SELECT t2.oid::regclass::text AS to_table, a1.attname AS column, a2.attname AS primary_key, c.conname AS name, c.confupdtype AS on_update, c.confdeltype AS on_delete
FROM pg_constraint c
JOIN pg_class t1 ON c.conrelid = t1.oid
JOIN pg_class t2 ON c.confrelid = t2.oid
JOIN pg_attribute a1 ON a1.attnum = c.conkey[1] AND a1.attrelid = t1.oid
JOIN pg_attribute a2 ON a2.attnum = c.confkey[1] AND a2.attrelid = t2.oid
JOIN pg_namespace t3 ON c.connamespace = t3.oid
WHERE c.contype = 'f'
  AND t1.relname = 'users'
  AND t3.nspname = ANY (current_schemas(false))
ORDER BY c.conname

  [1m[36mActiveRecord::SchemaMigration Load (0.5ms)[0m  [1mSELECT "schema_migrations".* FROM "schema_migrations"[0m
  [1m[35m (1.9ms)[0m  SELECT t2.oid::regclass::text AS to_table, a1.attname AS column, a2.attname AS primary_key, c.conname AS name, c.confupdtype AS on_update, c.confdeltype AS on_delete
FROM pg_constraint c
JOIN pg_class t1 ON c.conrelid = t1.oid
JOIN pg_class t2 ON c.confrelid = t2.oid
JOIN pg_attribute a1 ON a1.attnum = c.conkey[1] AND a1.attrelid = t1.oid
JOIN pg_attribute a2 ON a2.attnum = c.confkey[1] AND a2.attrelid = t2.oid
JOIN pg_namespace t3 ON c.connamespace = t3.oid
WHERE c.contype = 'f'
  AND t1.relname = 'users'
  AND t3.nspname = ANY (current_schemas(false))
ORDER BY c.conname

  [1m[36mActiveRecord::SchemaMigration Load (0.5ms)[0m  [1mSELECT "schema_migrations".* FROM "schema_migrations"[0m
Migrating to CreateUsers (20160704192200)
  [1m[35m (0.2ms)[0m  BEGIN
  [1m[36m (3.9ms)[0m  [1mCREATE TABLE "users" ("id" serial primary key, "first_name" character varying, "last_name" character varying, "username" character varying(24), "email" character varying, "created_at" timestamp NOT NULL, "updated_at" timestamp NOT NULL) [0m
  [1m[35m (0.2ms)[0m  ROLLBACK


Started GET "/" for 127.0.0.1 at 2016-07-04 12:25:55 -0700
  [1m[36mActiveRecord::SchemaMigration Load (0.6ms)[0m  [1mSELECT "schema_migrations".* FROM "schema_migrations"[0m

ActiveRecord::PendingMigrationError (

Migrations are pending. To resolve this issue, run:

	bin/rake db:migrate RAILS_ENV=development

):
  activerecord (4.2.6) lib/active_record/migration.rb:392:in `check_pending!'
  activerecord (4.2.6) lib/active_record/migration.rb:373:in `call'
  actionpack (4.2.6) lib/action_dispatch/middleware/callbacks.rb:29:in `block in call'
  activesupport (4.2.6) lib/active_support/callbacks.rb:88:in `__run_callbacks__'
  activesupport (4.2.6) lib/active_support/callbacks.rb:778:in `_run_call_callbacks'
  activesupport (4.2.6) lib/active_support/callbacks.rb:81:in `run_callbacks'
  actionpack (4.2.6) lib/action_dispatch/middleware/callbacks.rb:27:in `call'
  actionpack (4.2.6) lib/action_dispatch/middleware/reloader.rb:73:in `call'
  actionpack (4.2.6) lib/action_dispatch/middleware/remote_ip.rb:78:in `call'
  actionpack (4.2.6) lib/action_dispatch/middleware/debug_exceptions.rb:17:in `call'
  actionpack (4.2.6) lib/action_dispatch/middleware/show_exceptions.rb:30:in `call'
  railties (4.2.6) lib/rails/rack/logger.rb:38:in `call_app'
  railties (4.2.6) lib/rails/rack/logger.rb:20:in `block in call'
  activesupport (4.2.6) lib/active_support/tagged_logging.rb:68:in `block in tagged'
  activesupport (4.2.6) lib/active_support/tagged_logging.rb:26:in `tagged'
  activesupport (4.2.6) lib/active_support/tagged_logging.rb:68:in `tagged'
  railties (4.2.6) lib/rails/rack/logger.rb:20:in `call'
  actionpack (4.2.6) lib/action_dispatch/middleware/request_id.rb:21:in `call'
  rack (1.6.4) lib/rack/runtime.rb:18:in `call'
  activesupport (4.2.6) lib/active_support/cache/strategy/local_cache_middleware.rb:28:in `call'
  rack (1.6.4) lib/rack/lock.rb:17:in `call'
  actionpack (4.2.6) lib/action_dispatch/middleware/static.rb:120:in `call'
  railties (4.2.6) lib/rails/engine.rb:518:in `call'
  railties (4.2.6) lib/rails/application.rb:165:in `call'
  rack (1.6.4) lib/rack/lock.rb:17:in `call'
  rack (1.6.4) lib/rack/content_length.rb:15:in `call'
  rack (1.6.4) lib/rack/handler/webrick.rb:88:in `service'
  /Users/jborrey/.rbenv/versions/2.3.0/lib/ruby/2.3.0/webrick/httpserver.rb:140:in `service'
  /Users/jborrey/.rbenv/versions/2.3.0/lib/ruby/2.3.0/webrick/httpserver.rb:96:in `run'
  /Users/jborrey/.rbenv/versions/2.3.0/lib/ruby/2.3.0/webrick/server.rb:296:in `block in start_thread'


  Rendered /Users/jborrey/.rbenv/versions/2.3.0/lib/ruby/gems/2.3.0/gems/actionpack-4.2.6/lib/action_dispatch/middleware/templates/rescues/_source.erb (2.2ms)
  Rendered /Users/jborrey/.rbenv/versions/2.3.0/lib/ruby/gems/2.3.0/gems/actionpack-4.2.6/lib/action_dispatch/middleware/templates/rescues/_trace.html.erb (1.3ms)
  Rendered /Users/jborrey/.rbenv/versions/2.3.0/lib/ruby/gems/2.3.0/gems/actionpack-4.2.6/lib/action_dispatch/middleware/templates/rescues/_request_and_response.html.erb (0.9ms)
  Rendered /Users/jborrey/.rbenv/versions/2.3.0/lib/ruby/gems/2.3.0/gems/actionpack-4.2.6/lib/action_dispatch/middleware/templates/rescues/diagnostics.html.erb within rescues/layout (49.1ms)


Started GET "/" for ::1 at 2016-07-04 12:26:09 -0700
  [1m[35mActiveRecord::SchemaMigration Load (0.3ms)[0m  SELECT "schema_migrations".* FROM "schema_migrations"

ActiveRecord::PendingMigrationError (

Migrations are pending. To resolve this issue, run:

	bin/rake db:migrate RAILS_ENV=development

):
  activerecord (4.2.6) lib/active_record/migration.rb:392:in `check_pending!'
  activerecord (4.2.6) lib/active_record/migration.rb:373:in `call'
  actionpack (4.2.6) lib/action_dispatch/middleware/callbacks.rb:29:in `block in call'
  activesupport (4.2.6) lib/active_support/callbacks.rb:88:in `__run_callbacks__'
  activesupport (4.2.6) lib/active_support/callbacks.rb:778:in `_run_call_callbacks'
  activesupport (4.2.6) lib/active_support/callbacks.rb:81:in `run_callbacks'
  actionpack (4.2.6) lib/action_dispatch/middleware/callbacks.rb:27:in `call'
  actionpack (4.2.6) lib/action_dispatch/middleware/reloader.rb:73:in `call'
  actionpack (4.2.6) lib/action_dispatch/middleware/remote_ip.rb:78:in `call'
  actionpack (4.2.6) lib/action_dispatch/middleware/debug_exceptions.rb:17:in `call'
  actionpack (4.2.6) lib/action_dispatch/middleware/show_exceptions.rb:30:in `call'
  railties (4.2.6) lib/rails/rack/logger.rb:38:in `call_app'
  railties (4.2.6) lib/rails/rack/logger.rb:20:in `block in call'
  activesupport (4.2.6) lib/active_support/tagged_logging.rb:68:in `block in tagged'
  activesupport (4.2.6) lib/active_support/tagged_logging.rb:26:in `tagged'
  activesupport (4.2.6) lib/active_support/tagged_logging.rb:68:in `tagged'
  railties (4.2.6) lib/rails/rack/logger.rb:20:in `call'
  actionpack (4.2.6) lib/action_dispatch/middleware/request_id.rb:21:in `call'
  rack (1.6.4) lib/rack/runtime.rb:18:in `call'
  activesupport (4.2.6) lib/active_support/cache/strategy/local_cache_middleware.rb:28:in `call'
  rack (1.6.4) lib/rack/lock.rb:17:in `call'
  actionpack (4.2.6) lib/action_dispatch/middleware/static.rb:120:in `call'
  railties (4.2.6) lib/rails/engine.rb:518:in `call'
  railties (4.2.6) lib/rails/application.rb:165:in `call'
  rack (1.6.4) lib/rack/lock.rb:17:in `call'
  rack (1.6.4) lib/rack/content_length.rb:15:in `call'
  rack (1.6.4) lib/rack/handler/webrick.rb:88:in `service'
  /Users/jborrey/.rbenv/versions/2.3.0/lib/ruby/2.3.0/webrick/httpserver.rb:140:in `service'
  /Users/jborrey/.rbenv/versions/2.3.0/lib/ruby/2.3.0/webrick/httpserver.rb:96:in `run'
  /Users/jborrey/.rbenv/versions/2.3.0/lib/ruby/2.3.0/webrick/server.rb:296:in `block in start_thread'


  Rendered /Users/jborrey/.rbenv/versions/2.3.0/lib/ruby/gems/2.3.0/gems/actionpack-4.2.6/lib/action_dispatch/middleware/templates/rescues/_source.erb (1.8ms)
  Rendered /Users/jborrey/.rbenv/versions/2.3.0/lib/ruby/gems/2.3.0/gems/actionpack-4.2.6/lib/action_dispatch/middleware/templates/rescues/_trace.html.erb (1.2ms)
  Rendered /Users/jborrey/.rbenv/versions/2.3.0/lib/ruby/gems/2.3.0/gems/actionpack-4.2.6/lib/action_dispatch/middleware/templates/rescues/_request_and_response.html.erb (0.8ms)
  Rendered /Users/jborrey/.rbenv/versions/2.3.0/lib/ruby/gems/2.3.0/gems/actionpack-4.2.6/lib/action_dispatch/middleware/templates/rescues/diagnostics.html.erb within rescues/layout (33.8ms)
  [1m[36mActiveRecord::SchemaMigration Load (0.4ms)[0m  [1mSELECT "schema_migrations".* FROM "schema_migrations"[0m
Migrating to CreateUsers (20160704192200)
  [1m[35m (0.2ms)[0m  BEGIN
  [1m[36m (5.9ms)[0m  [1mCREATE TABLE "users" ("id" serial primary key, "first_name" character varying, "last_name" character varying, "username" character varying(24), "email" character varying, "created_at" timestamp NOT NULL, "updated_at" timestamp NOT NULL) [0m
  [1m[35m (0.1ms)[0m  ROLLBACK
  [1m[36mActiveRecord::SchemaMigration Load (0.5ms)[0m  [1mSELECT "schema_migrations".* FROM "schema_migrations"[0m
Migrating to CreateUsers (20160704192200)
  [1m[35m (0.2ms)[0m  BEGIN
  [1m[36m (4.4ms)[0m  [1mCREATE TABLE "users" ("id" serial primary key, "first_name" character varying, "last_name" character varying, "username" character varying(24), "email" character varying, "created_at" timestamp NOT NULL, "updated_at" timestamp NOT NULL) [0m
  [1m[35m (1.0ms)[0m  CREATE UNIQUE INDEX  "index_users_on_username" ON "users"  ("username")
  [1m[36m (0.9ms)[0m  [1mCREATE UNIQUE INDEX  "index_users_on_email" ON "users"  ("email")[0m
  [1m[35mSQL (0.3ms)[0m  INSERT INTO "schema_migrations" ("version") VALUES ($1)  [["version", "20160704192200"]]
  [1m[36m (0.6ms)[0m  [1mCOMMIT[0m
  [1m[35mActiveRecord::SchemaMigration Load (0.2ms)[0m  SELECT "schema_migrations".* FROM "schema_migrations"
  [1m[36m (1.9ms)[0m  [1mSELECT t2.oid::regclass::text AS to_table, a1.attname AS column, a2.attname AS primary_key, c.conname AS name, c.confupdtype AS on_update, c.confdeltype AS on_delete
FROM pg_constraint c
JOIN pg_class t1 ON c.conrelid = t1.oid
JOIN pg_class t2 ON c.confrelid = t2.oid
JOIN pg_attribute a1 ON a1.attnum = c.conkey[1] AND a1.attrelid = t1.oid
JOIN pg_attribute a2 ON a2.attnum = c.confkey[1] AND a2.attrelid = t2.oid
JOIN pg_namespace t3 ON c.connamespace = t3.oid
WHERE c.contype = 'f'
  AND t1.relname = 'users'
  AND t3.nspname = ANY (current_schemas(false))
ORDER BY c.conname
[0m


Started GET "/" for ::1 at 2016-07-04 12:28:29 -0700
  [1m[36mActiveRecord::SchemaMigration Load (0.2ms)[0m  [1mSELECT "schema_migrations".* FROM "schema_migrations"[0m
Processing by Rails::WelcomeController#index as HTML
  Rendered /Users/jborrey/.rbenv/versions/2.3.0/lib/ruby/gems/2.3.0/gems/railties-4.2.6/lib/rails/templates/rails/welcome/index.html.erb (0.6ms)
Completed 200 OK in 10ms (Views: 9.7ms | ActiveRecord: 0.0ms)


Started GET "/" for ::1 at 2016-07-04 12:28:39 -0700
Processing by Rails::WelcomeController#index as */*
  Rendered /Users/jborrey/.rbenv/versions/2.3.0/lib/ruby/gems/2.3.0/gems/railties-4.2.6/lib/rails/templates/rails/welcome/index.html.erb (2.3ms)
Completed 200 OK in 21ms (Views: 21.0ms | ActiveRecord: 0.0ms)


Started GET "/users" for ::1 at 2016-07-04 12:28:52 -0700
Processing by UsersController#index as HTML
  [1m[35mUser Load (0.7ms)[0m  SELECT "users".* FROM "users"
Completed 200 OK in 5ms (Views: 1.5ms | ActiveRecord: 2.1ms)


Started GET "/users" for ::1 at 2016-07-04 12:28:55 -0700
Processing by UsersController#index as */*
  [1m[36mUser Load (0.5ms)[0m  [1mSELECT "users".* FROM "users"[0m
Completed 200 OK in 1ms (Views: 0.5ms | ActiveRecord: 0.5ms)


Started GET "/users.json" for ::1 at 2016-07-04 12:28:58 -0700
Processing by UsersController#index as JSON
  [1m[35mUser Load (0.6ms)[0m  SELECT "users".* FROM "users"
Completed 200 OK in 1ms (Views: 0.6ms | ActiveRecord: 0.6ms)


Started GET "/users/1" for ::1 at 2016-07-04 12:29:18 -0700
Processing by UsersController#show as HTML
  Parameters: {"id"=>"1"}
  [1m[36mUser Load (0.3ms)[0m  [1mSELECT  "users".* FROM "users" WHERE "users"."id" = $1 LIMIT 1[0m  [["id", 1]]
Completed 404 Not Found in 15ms (ActiveRecord: 3.4ms)

ActiveRecord::RecordNotFound (Couldn't find User with 'id'=1):
  app/controllers/users_controller.rb:53:in `set_user'


  Rendered /Users/jborrey/.rbenv/versions/2.3.0/lib/ruby/gems/2.3.0/gems/actionpack-4.2.6/lib/action_dispatch/middleware/templates/rescues/_source.erb (2.9ms)
  Rendered /Users/jborrey/.rbenv/versions/2.3.0/lib/ruby/gems/2.3.0/gems/actionpack-4.2.6/lib/action_dispatch/middleware/templates/rescues/_trace.html.erb (1.5ms)
  Rendered /Users/jborrey/.rbenv/versions/2.3.0/lib/ruby/gems/2.3.0/gems/actionpack-4.2.6/lib/action_dispatch/middleware/templates/rescues/_request_and_response.html.erb (0.7ms)
  Rendered /Users/jborrey/.rbenv/versions/2.3.0/lib/ruby/gems/2.3.0/gems/actionpack-4.2.6/lib/action_dispatch/middleware/templates/rescues/diagnostics.html.erb within rescues/layout (40.8ms)
  [1m[36mActiveRecord::SchemaMigration Load (0.5ms)[0m  [1mSELECT "schema_migrations".* FROM "schema_migrations"[0m
  [1m[35m (0.2ms)[0m  BEGIN
  [1m[36mSQL (0.8ms)[0m  [1mINSERT INTO "users" ("first_name", "last_name", "username", "email", "created_at", "updated_at") VALUES ($1, $2, $3, $4, $5, $6) RETURNING "id"[0m  [["first_name", "User 0 FN"], ["last_name", "User 0 LN"], ["username", "User 0"], ["email", "user0@example.com"], ["created_at", "2016-07-04 19:33:04.805284"], ["updated_at", "2016-07-04 19:33:04.805284"]]
  [1m[35m (1.2ms)[0m  COMMIT
  [1m[36m (0.1ms)[0m  [1mBEGIN[0m
  [1m[35mSQL (0.3ms)[0m  INSERT INTO "users" ("first_name", "last_name", "username", "email", "created_at", "updated_at") VALUES ($1, $2, $3, $4, $5, $6) RETURNING "id"  [["first_name", "User 1 FN"], ["last_name", "User 1 LN"], ["username", "User 1"], ["email", "user1@example.com"], ["created_at", "2016-07-04 19:33:04.810642"], ["updated_at", "2016-07-04 19:33:04.810642"]]
  [1m[36m (0.3ms)[0m  [1mCOMMIT[0m
  [1m[35m (0.1ms)[0m  BEGIN
  [1m[36mSQL (0.3ms)[0m  [1mINSERT INTO "users" ("first_name", "last_name", "username", "email", "created_at", "updated_at") VALUES ($1, $2, $3, $4, $5, $6) RETURNING "id"[0m  [["first_name", "User 2 FN"], ["last_name", "User 2 LN"], ["username", "User 2"], ["email", "user2@example.com"], ["created_at", "2016-07-04 19:33:04.812491"], ["updated_at", "2016-07-04 19:33:04.812491"]]
  [1m[35m (0.3ms)[0m  COMMIT
  [1m[36m (0.1ms)[0m  [1mBEGIN[0m
  [1m[35mSQL (0.2ms)[0m  INSERT INTO "users" ("first_name", "last_name", "username", "email", "created_at", "updated_at") VALUES ($1, $2, $3, $4, $5, $6) RETURNING "id"  [["first_name", "User 3 FN"], ["last_name", "User 3 LN"], ["username", "User 3"], ["email", "user3@example.com"], ["created_at", "2016-07-04 19:33:04.814131"], ["updated_at", "2016-07-04 19:33:04.814131"]]
  [1m[36m (0.3ms)[0m  [1mCOMMIT[0m
  [1m[35m (0.1ms)[0m  BEGIN
  [1m[36mSQL (0.2ms)[0m  [1mINSERT INTO "users" ("first_name", "last_name", "username", "email", "created_at", "updated_at") VALUES ($1, $2, $3, $4, $5, $6) RETURNING "id"[0m  [["first_name", "User 4 FN"], ["last_name", "User 4 LN"], ["username", "User 4"], ["email", "user4@example.com"], ["created_at", "2016-07-04 19:33:04.815682"], ["updated_at", "2016-07-04 19:33:04.815682"]]
  [1m[35m (0.3ms)[0m  COMMIT
  [1m[36m (0.1ms)[0m  [1mBEGIN[0m
  [1m[35mSQL (0.2ms)[0m  INSERT INTO "users" ("first_name", "last_name", "username", "email", "created_at", "updated_at") VALUES ($1, $2, $3, $4, $5, $6) RETURNING "id"  [["first_name", "User 5 FN"], ["last_name", "User 5 LN"], ["username", "User 5"], ["email", "user5@example.com"], ["created_at", "2016-07-04 19:33:04.817295"], ["updated_at", "2016-07-04 19:33:04.817295"]]
  [1m[36m (0.2ms)[0m  [1mCOMMIT[0m
  [1m[35m (0.1ms)[0m  BEGIN
  [1m[36mSQL (0.2ms)[0m  [1mINSERT INTO "users" ("first_name", "last_name", "username", "email", "created_at", "updated_at") VALUES ($1, $2, $3, $4, $5, $6) RETURNING "id"[0m  [["first_name", "User 6 FN"], ["last_name", "User 6 LN"], ["username", "User 6"], ["email", "user6@example.com"], ["created_at", "2016-07-04 19:33:04.818846"], ["updated_at", "2016-07-04 19:33:04.818846"]]
  [1m[35m (0.6ms)[0m  COMMIT
  [1m[36m (0.1ms)[0m  [1mBEGIN[0m
  [1m[35mSQL (0.2ms)[0m  INSERT INTO "users" ("first_name", "last_name", "username", "email", "created_at", "updated_at") VALUES ($1, $2, $3, $4, $5, $6) RETURNING "id"  [["first_name", "User 7 FN"], ["last_name", "User 7 LN"], ["username", "User 7"], ["email", "user7@example.com"], ["created_at", "2016-07-04 19:33:04.820788"], ["updated_at", "2016-07-04 19:33:04.820788"]]
  [1m[36m (0.3ms)[0m  [1mCOMMIT[0m
  [1m[35m (0.1ms)[0m  BEGIN
  [1m[36mSQL (0.2ms)[0m  [1mINSERT INTO "users" ("first_name", "last_name", "username", "email", "created_at", "updated_at") VALUES ($1, $2, $3, $4, $5, $6) RETURNING "id"[0m  [["first_name", "User 8 FN"], ["last_name", "User 8 LN"], ["username", "User 8"], ["email", "user8@example.com"], ["created_at", "2016-07-04 19:33:04.822354"], ["updated_at", "2016-07-04 19:33:04.822354"]]
  [1m[35m (0.3ms)[0m  COMMIT
  [1m[36m (0.1ms)[0m  [1mBEGIN[0m
  [1m[35mSQL (0.2ms)[0m  INSERT INTO "users" ("first_name", "last_name", "username", "email", "created_at", "updated_at") VALUES ($1, $2, $3, $4, $5, $6) RETURNING "id"  [["first_name", "User 9 FN"], ["last_name", "User 9 LN"], ["username", "User 9"], ["email", "user9@example.com"], ["created_at", "2016-07-04 19:33:04.823940"], ["updated_at", "2016-07-04 19:33:04.823940"]]
  [1m[36m (0.3ms)[0m  [1mCOMMIT[0m
  [1m[35m (0.1ms)[0m  BEGIN
  [1m[36mSQL (0.2ms)[0m  [1mINSERT INTO "users" ("first_name", "last_name", "username", "email", "created_at", "updated_at") VALUES ($1, $2, $3, $4, $5, $6) RETURNING "id"[0m  [["first_name", "User 10 FN"], ["last_name", "User 10 LN"], ["username", "User 10"], ["email", "user10@example.com"], ["created_at", "2016-07-04 19:33:04.825586"], ["updated_at", "2016-07-04 19:33:04.825586"]]
  [1m[35m (0.3ms)[0m  COMMIT
  [1m[36m (0.1ms)[0m  [1mBEGIN[0m
  [1m[35mSQL (0.2ms)[0m  INSERT INTO "users" ("first_name", "last_name", "username", "email", "created_at", "updated_at") VALUES ($1, $2, $3, $4, $5, $6) RETURNING "id"  [["first_name", "User 11 FN"], ["last_name", "User 11 LN"], ["username", "User 11"], ["email", "user11@example.com"], ["created_at", "2016-07-04 19:33:04.827220"], ["updated_at", "2016-07-04 19:33:04.827220"]]
  [1m[36m (0.3ms)[0m  [1mCOMMIT[0m
  [1m[35m (0.1ms)[0m  BEGIN
  [1m[36mSQL (0.2ms)[0m  [1mINSERT INTO "users" ("first_name", "last_name", "username", "email", "created_at", "updated_at") VALUES ($1, $2, $3, $4, $5, $6) RETURNING "id"[0m  [["first_name", "User 12 FN"], ["last_name", "User 12 LN"], ["username", "User 12"], ["email", "user12@example.com"], ["created_at", "2016-07-04 19:33:04.828743"], ["updated_at", "2016-07-04 19:33:04.828743"]]
  [1m[35m (0.3ms)[0m  COMMIT
  [1m[36m (0.1ms)[0m  [1mBEGIN[0m
  [1m[35mSQL (0.2ms)[0m  INSERT INTO "users" ("first_name", "last_name", "username", "email", "created_at", "updated_at") VALUES ($1, $2, $3, $4, $5, $6) RETURNING "id"  [["first_name", "User 13 FN"], ["last_name", "User 13 LN"], ["username", "User 13"], ["email", "user13@example.com"], ["created_at", "2016-07-04 19:33:04.830305"], ["updated_at", "2016-07-04 19:33:04.830305"]]
  [1m[36m (0.2ms)[0m  [1mCOMMIT[0m
  [1m[35m (0.1ms)[0m  BEGIN
  [1m[36mSQL (0.2ms)[0m  [1mINSERT INTO "users" ("first_name", "last_name", "username", "email", "created_at", "updated_at") VALUES ($1, $2, $3, $4, $5, $6) RETURNING "id"[0m  [["first_name", "User 14 FN"], ["last_name", "User 14 LN"], ["username", "User 14"], ["email", "user14@example.com"], ["created_at", "2016-07-04 19:33:04.831848"], ["updated_at", "2016-07-04 19:33:04.831848"]]
  [1m[35m (0.3ms)[0m  COMMIT
  [1m[36m (0.1ms)[0m  [1mBEGIN[0m
  [1m[35mSQL (0.2ms)[0m  INSERT INTO "users" ("first_name", "last_name", "username", "email", "created_at", "updated_at") VALUES ($1, $2, $3, $4, $5, $6) RETURNING "id"  [["first_name", "User 15 FN"], ["last_name", "User 15 LN"], ["username", "User 15"], ["email", "user15@example.com"], ["created_at", "2016-07-04 19:33:04.833478"], ["updated_at", "2016-07-04 19:33:04.833478"]]
  [1m[36m (0.3ms)[0m  [1mCOMMIT[0m
  [1m[35m (0.1ms)[0m  BEGIN
  [1m[36mSQL (0.2ms)[0m  [1mINSERT INTO "users" ("first_name", "last_name", "username", "email", "created_at", "updated_at") VALUES ($1, $2, $3, $4, $5, $6) RETURNING "id"[0m  [["first_name", "User 16 FN"], ["last_name", "User 16 LN"], ["username", "User 16"], ["email", "user16@example.com"], ["created_at", "2016-07-04 19:33:04.835260"], ["updated_at", "2016-07-04 19:33:04.835260"]]
  [1m[35m (0.3ms)[0m  COMMIT
  [1m[36m (0.1ms)[0m  [1mBEGIN[0m
  [1m[35mSQL (0.2ms)[0m  INSERT INTO "users" ("first_name", "last_name", "username", "email", "created_at", "updated_at") VALUES ($1, $2, $3, $4, $5, $6) RETURNING "id"  [["first_name", "User 17 FN"], ["last_name", "User 17 LN"], ["username", "User 17"], ["email", "user17@example.com"], ["created_at", "2016-07-04 19:33:04.837005"], ["updated_at", "2016-07-04 19:33:04.837005"]]
  [1m[36m (0.3ms)[0m  [1mCOMMIT[0m
  [1m[35m (0.1ms)[0m  BEGIN
  [1m[36mSQL (0.2ms)[0m  [1mINSERT INTO "users" ("first_name", "last_name", "username", "email", "created_at", "updated_at") VALUES ($1, $2, $3, $4, $5, $6) RETURNING "id"[0m  [["first_name", "User 18 FN"], ["last_name", "User 18 LN"], ["username", "User 18"], ["email", "user18@example.com"], ["created_at", "2016-07-04 19:33:04.838634"], ["updated_at", "2016-07-04 19:33:04.838634"]]
  [1m[35m (0.3ms)[0m  COMMIT
  [1m[36m (0.1ms)[0m  [1mBEGIN[0m
  [1m[35mSQL (0.2ms)[0m  INSERT INTO "users" ("first_name", "last_name", "username", "email", "created_at", "updated_at") VALUES ($1, $2, $3, $4, $5, $6) RETURNING "id"  [["first_name", "User 19 FN"], ["last_name", "User 19 LN"], ["username", "User 19"], ["email", "user19@example.com"], ["created_at", "2016-07-04 19:33:04.840230"], ["updated_at", "2016-07-04 19:33:04.840230"]]
  [1m[36m (0.3ms)[0m  [1mCOMMIT[0m
  [1m[35m (0.1ms)[0m  BEGIN
  [1m[36mSQL (0.2ms)[0m  [1mINSERT INTO "users" ("first_name", "last_name", "username", "email", "created_at", "updated_at") VALUES ($1, $2, $3, $4, $5, $6) RETURNING "id"[0m  [["first_name", "User 20 FN"], ["last_name", "User 20 LN"], ["username", "User 20"], ["email", "user20@example.com"], ["created_at", "2016-07-04 19:33:04.841830"], ["updated_at", "2016-07-04 19:33:04.841830"]]
  [1m[35m (0.3ms)[0m  COMMIT
  [1m[36m (0.1ms)[0m  [1mBEGIN[0m
  [1m[35mSQL (0.2ms)[0m  INSERT INTO "users" ("first_name", "last_name", "username", "email", "created_at", "updated_at") VALUES ($1, $2, $3, $4, $5, $6) RETURNING "id"  [["first_name", "User 21 FN"], ["last_name", "User 21 LN"], ["username", "User 21"], ["email", "user21@example.com"], ["created_at", "2016-07-04 19:33:04.843406"], ["updated_at", "2016-07-04 19:33:04.843406"]]
  [1m[36m (0.3ms)[0m  [1mCOMMIT[0m
  [1m[35m (0.1ms)[0m  BEGIN
  [1m[36mSQL (0.2ms)[0m  [1mINSERT INTO "users" ("first_name", "last_name", "username", "email", "created_at", "updated_at") VALUES ($1, $2, $3, $4, $5, $6) RETURNING "id"[0m  [["first_name", "User 22 FN"], ["last_name", "User 22 LN"], ["username", "User 22"], ["email", "user22@example.com"], ["created_at", "2016-07-04 19:33:04.845018"], ["updated_at", "2016-07-04 19:33:04.845018"]]
  [1m[35m (0.3ms)[0m  COMMIT
  [1m[36m (0.1ms)[0m  [1mBEGIN[0m
  [1m[35mSQL (0.2ms)[0m  INSERT INTO "users" ("first_name", "last_name", "username", "email", "created_at", "updated_at") VALUES ($1, $2, $3, $4, $5, $6) RETURNING "id"  [["first_name", "User 23 FN"], ["last_name", "User 23 LN"], ["username", "User 23"], ["email", "user23@example.com"], ["created_at", "2016-07-04 19:33:04.846670"], ["updated_at", "2016-07-04 19:33:04.846670"]]
  [1m[36m (0.3ms)[0m  [1mCOMMIT[0m
  [1m[35m (0.1ms)[0m  BEGIN
  [1m[36mSQL (0.2ms)[0m  [1mINSERT INTO "users" ("first_name", "last_name", "username", "email", "created_at", "updated_at") VALUES ($1, $2, $3, $4, $5, $6) RETURNING "id"[0m  [["first_name", "User 24 FN"], ["last_name", "User 24 LN"], ["username", "User 24"], ["email", "user24@example.com"], ["created_at", "2016-07-04 19:33:04.848408"], ["updated_at", "2016-07-04 19:33:04.848408"]]
  [1m[35m (0.3ms)[0m  COMMIT
  [1m[36m (0.1ms)[0m  [1mBEGIN[0m
  [1m[35mSQL (0.2ms)[0m  INSERT INTO "users" ("first_name", "last_name", "username", "email", "created_at", "updated_at") VALUES ($1, $2, $3, $4, $5, $6) RETURNING "id"  [["first_name", "User 25 FN"], ["last_name", "User 25 LN"], ["username", "User 25"], ["email", "user25@example.com"], ["created_at", "2016-07-04 19:33:04.849981"], ["updated_at", "2016-07-04 19:33:04.849981"]]
  [1m[36m (0.3ms)[0m  [1mCOMMIT[0m
  [1m[35m (0.1ms)[0m  BEGIN
  [1m[36mSQL (0.2ms)[0m  [1mINSERT INTO "users" ("first_name", "last_name", "username", "email", "created_at", "updated_at") VALUES ($1, $2, $3, $4, $5, $6) RETURNING "id"[0m  [["first_name", "User 26 FN"], ["last_name", "User 26 LN"], ["username", "User 26"], ["email", "user26@example.com"], ["created_at", "2016-07-04 19:33:04.851546"], ["updated_at", "2016-07-04 19:33:04.851546"]]
  [1m[35m (0.2ms)[0m  COMMIT
  [1m[36m (0.1ms)[0m  [1mBEGIN[0m
  [1m[35mSQL (0.2ms)[0m  INSERT INTO "users" ("first_name", "last_name", "username", "email", "created_at", "updated_at") VALUES ($1, $2, $3, $4, $5, $6) RETURNING "id"  [["first_name", "User 27 FN"], ["last_name", "User 27 LN"], ["username", "User 27"], ["email", "user27@example.com"], ["created_at", "2016-07-04 19:33:04.853105"], ["updated_at", "2016-07-04 19:33:04.853105"]]
  [1m[36m (0.2ms)[0m  [1mCOMMIT[0m
  [1m[35m (0.1ms)[0m  BEGIN
  [1m[36mSQL (0.2ms)[0m  [1mINSERT INTO "users" ("first_name", "last_name", "username", "email", "created_at", "updated_at") VALUES ($1, $2, $3, $4, $5, $6) RETURNING "id"[0m  [["first_name", "User 28 FN"], ["last_name", "User 28 LN"], ["username", "User 28"], ["email", "user28@example.com"], ["created_at", "2016-07-04 19:33:04.854675"], ["updated_at", "2016-07-04 19:33:04.854675"]]
  [1m[35m (0.3ms)[0m  COMMIT
  [1m[36m (0.1ms)[0m  [1mBEGIN[0m
  [1m[35mSQL (0.2ms)[0m  INSERT INTO "users" ("first_name", "last_name", "username", "email", "created_at", "updated_at") VALUES ($1, $2, $3, $4, $5, $6) RETURNING "id"  [["first_name", "User 29 FN"], ["last_name", "User 29 LN"], ["username", "User 29"], ["email", "user29@example.com"], ["created_at", "2016-07-04 19:33:04.856212"], ["updated_at", "2016-07-04 19:33:04.856212"]]
  [1m[36m (0.3ms)[0m  [1mCOMMIT[0m
  [1m[35m (0.1ms)[0m  BEGIN
  [1m[36mSQL (0.2ms)[0m  [1mINSERT INTO "users" ("first_name", "last_name", "username", "email", "created_at", "updated_at") VALUES ($1, $2, $3, $4, $5, $6) RETURNING "id"[0m  [["first_name", "User 30 FN"], ["last_name", "User 30 LN"], ["username", "User 30"], ["email", "user30@example.com"], ["created_at", "2016-07-04 19:33:04.857767"], ["updated_at", "2016-07-04 19:33:04.857767"]]
  [1m[35m (0.3ms)[0m  COMMIT
  [1m[36m (0.1ms)[0m  [1mBEGIN[0m
  [1m[35mSQL (0.2ms)[0m  INSERT INTO "users" ("first_name", "last_name", "username", "email", "created_at", "updated_at") VALUES ($1, $2, $3, $4, $5, $6) RETURNING "id"  [["first_name", "User 31 FN"], ["last_name", "User 31 LN"], ["username", "User 31"], ["email", "user31@example.com"], ["created_at", "2016-07-04 19:33:04.859525"], ["updated_at", "2016-07-04 19:33:04.859525"]]
  [1m[36m (0.3ms)[0m  [1mCOMMIT[0m
  [1m[35m (0.1ms)[0m  BEGIN
  [1m[36mSQL (0.2ms)[0m  [1mINSERT INTO "users" ("first_name", "last_name", "username", "email", "created_at", "updated_at") VALUES ($1, $2, $3, $4, $5, $6) RETURNING "id"[0m  [["first_name", "User 32 FN"], ["last_name", "User 32 LN"], ["username", "User 32"], ["email", "user32@example.com"], ["created_at", "2016-07-04 19:33:04.861146"], ["updated_at", "2016-07-04 19:33:04.861146"]]
  [1m[35m (0.3ms)[0m  COMMIT
  [1m[36m (0.1ms)[0m  [1mBEGIN[0m
  [1m[35mSQL (0.2ms)[0m  INSERT INTO "users" ("first_name", "last_name", "username", "email", "created_at", "updated_at") VALUES ($1, $2, $3, $4, $5, $6) RETURNING "id"  [["first_name", "User 33 FN"], ["last_name", "User 33 LN"], ["username", "User 33"], ["email", "user33@example.com"], ["created_at", "2016-07-04 19:33:04.862879"], ["updated_at", "2016-07-04 19:33:04.862879"]]
  [1m[36m (0.3ms)[0m  [1mCOMMIT[0m
  [1m[35m (0.1ms)[0m  BEGIN
  [1m[36mSQL (0.2ms)[0m  [1mINSERT INTO "users" ("first_name", "last_name", "username", "email", "created_at", "updated_at") VALUES ($1, $2, $3, $4, $5, $6) RETURNING "id"[0m  [["first_name", "User 34 FN"], ["last_name", "User 34 LN"], ["username", "User 34"], ["email", "user34@example.com"], ["created_at", "2016-07-04 19:33:04.864462"], ["updated_at", "2016-07-04 19:33:04.864462"]]
  [1m[35m (0.3ms)[0m  COMMIT
  [1m[36m (0.1ms)[0m  [1mBEGIN[0m
  [1m[35mSQL (0.2ms)[0m  INSERT INTO "users" ("first_name", "last_name", "username", "email", "created_at", "updated_at") VALUES ($1, $2, $3, $4, $5, $6) RETURNING "id"  [["first_name", "User 35 FN"], ["last_name", "User 35 LN"], ["username", "User 35"], ["email", "user35@example.com"], ["created_at", "2016-07-04 19:33:04.866128"], ["updated_at", "2016-07-04 19:33:04.866128"]]
  [1m[36m (0.3ms)[0m  [1mCOMMIT[0m
  [1m[35m (0.1ms)[0m  BEGIN
  [1m[36mSQL (0.2ms)[0m  [1mINSERT INTO "users" ("first_name", "last_name", "username", "email", "created_at", "updated_at") VALUES ($1, $2, $3, $4, $5, $6) RETURNING "id"[0m  [["first_name", "User 36 FN"], ["last_name", "User 36 LN"], ["username", "User 36"], ["email", "user36@example.com"], ["created_at", "2016-07-04 19:33:04.867744"], ["updated_at", "2016-07-04 19:33:04.867744"]]
  [1m[35m (0.3ms)[0m  COMMIT
  [1m[36m (0.1ms)[0m  [1mBEGIN[0m
  [1m[35mSQL (0.2ms)[0m  INSERT INTO "users" ("first_name", "last_name", "username", "email", "created_at", "updated_at") VALUES ($1, $2, $3, $4, $5, $6) RETURNING "id"  [["first_name", "User 37 FN"], ["last_name", "User 37 LN"], ["username", "User 37"], ["email", "user37@example.com"], ["created_at", "2016-07-04 19:33:04.869346"], ["updated_at", "2016-07-04 19:33:04.869346"]]
  [1m[36m (0.3ms)[0m  [1mCOMMIT[0m
  [1m[35m (0.1ms)[0m  BEGIN
  [1m[36mSQL (0.2ms)[0m  [1mINSERT INTO "users" ("first_name", "last_name", "username", "email", "created_at", "updated_at") VALUES ($1, $2, $3, $4, $5, $6) RETURNING "id"[0m  [["first_name", "User 38 FN"], ["last_name", "User 38 LN"], ["username", "User 38"], ["email", "user38@example.com"], ["created_at", "2016-07-04 19:33:04.871049"], ["updated_at", "2016-07-04 19:33:04.871049"]]
  [1m[35m (0.3ms)[0m  COMMIT
  [1m[36m (0.1ms)[0m  [1mBEGIN[0m
  [1m[35mSQL (0.2ms)[0m  INSERT INTO "users" ("first_name", "last_name", "username", "email", "created_at", "updated_at") VALUES ($1, $2, $3, $4, $5, $6) RETURNING "id"  [["first_name", "User 39 FN"], ["last_name", "User 39 LN"], ["username", "User 39"], ["email", "user39@example.com"], ["created_at", "2016-07-04 19:33:04.872658"], ["updated_at", "2016-07-04 19:33:04.872658"]]
  [1m[36m (0.3ms)[0m  [1mCOMMIT[0m
  [1m[35m (0.1ms)[0m  BEGIN
  [1m[36mSQL (0.2ms)[0m  [1mINSERT INTO "users" ("first_name", "last_name", "username", "email", "created_at", "updated_at") VALUES ($1, $2, $3, $4, $5, $6) RETURNING "id"[0m  [["first_name", "User 40 FN"], ["last_name", "User 40 LN"], ["username", "User 40"], ["email", "user40@example.com"], ["created_at", "2016-07-04 19:33:04.874277"], ["updated_at", "2016-07-04 19:33:04.874277"]]
  [1m[35m (0.3ms)[0m  COMMIT
  [1m[36m (0.1ms)[0m  [1mBEGIN[0m
  [1m[35mSQL (0.2ms)[0m  INSERT INTO "users" ("first_name", "last_name", "username", "email", "created_at", "updated_at") VALUES ($1, $2, $3, $4, $5, $6) RETURNING "id"  [["first_name", "User 41 FN"], ["last_name", "User 41 LN"], ["username", "User 41"], ["email", "user41@example.com"], ["created_at", "2016-07-04 19:33:04.875864"], ["updated_at", "2016-07-04 19:33:04.875864"]]
  [1m[36m (0.3ms)[0m  [1mCOMMIT[0m
  [1m[35m (0.1ms)[0m  BEGIN
  [1m[36mSQL (0.2ms)[0m  [1mINSERT INTO "users" ("first_name", "last_name", "username", "email", "created_at", "updated_at") VALUES ($1, $2, $3, $4, $5, $6) RETURNING "id"[0m  [["first_name", "User 42 FN"], ["last_name", "User 42 LN"], ["username", "User 42"], ["email", "user42@example.com"], ["created_at", "2016-07-04 19:33:04.877449"], ["updated_at", "2016-07-04 19:33:04.877449"]]
  [1m[35m (0.3ms)[0m  COMMIT
  [1m[36m (0.1ms)[0m  [1mBEGIN[0m
  [1m[35mSQL (0.2ms)[0m  INSERT INTO "users" ("first_name", "last_name", "username", "email", "created_at", "updated_at") VALUES ($1, $2, $3, $4, $5, $6) RETURNING "id"  [["first_name", "User 43 FN"], ["last_name", "User 43 LN"], ["username", "User 43"], ["email", "user43@example.com"], ["created_at", "2016-07-04 19:33:04.879046"], ["updated_at", "2016-07-04 19:33:04.879046"]]
  [1m[36m (0.2ms)[0m  [1mCOMMIT[0m
  [1m[35m (0.1ms)[0m  BEGIN
  [1m[36mSQL (0.2ms)[0m  [1mINSERT INTO "users" ("first_name", "last_name", "username", "email", "created_at", "updated_at") VALUES ($1, $2, $3, $4, $5, $6) RETURNING "id"[0m  [["first_name", "User 44 FN"], ["last_name", "User 44 LN"], ["username", "User 44"], ["email", "user44@example.com"], ["created_at", "2016-07-04 19:33:04.880579"], ["updated_at", "2016-07-04 19:33:04.880579"]]
  [1m[35m (0.3ms)[0m  COMMIT
  [1m[36m (0.1ms)[0m  [1mBEGIN[0m
  [1m[35mSQL (0.2ms)[0m  INSERT INTO "users" ("first_name", "last_name", "username", "email", "created_at", "updated_at") VALUES ($1, $2, $3, $4, $5, $6) RETURNING "id"  [["first_name", "User 45 FN"], ["last_name", "User 45 LN"], ["username", "User 45"], ["email", "user45@example.com"], ["created_at", "2016-07-04 19:33:04.882191"], ["updated_at", "2016-07-04 19:33:04.882191"]]
  [1m[36m (0.2ms)[0m  [1mCOMMIT[0m
  [1m[35m (0.1ms)[0m  BEGIN
  [1m[36mSQL (0.2ms)[0m  [1mINSERT INTO "users" ("first_name", "last_name", "username", "email", "created_at", "updated_at") VALUES ($1, $2, $3, $4, $5, $6) RETURNING "id"[0m  [["first_name", "User 46 FN"], ["last_name", "User 46 LN"], ["username", "User 46"], ["email", "user46@example.com"], ["created_at", "2016-07-04 19:33:04.883758"], ["updated_at", "2016-07-04 19:33:04.883758"]]
  [1m[35m (0.3ms)[0m  COMMIT
  [1m[36m (0.1ms)[0m  [1mBEGIN[0m
  [1m[35mSQL (0.2ms)[0m  INSERT INTO "users" ("first_name", "last_name", "username", "email", "created_at", "updated_at") VALUES ($1, $2, $3, $4, $5, $6) RETURNING "id"  [["first_name", "User 47 FN"], ["last_name", "User 47 LN"], ["username", "User 47"], ["email", "user47@example.com"], ["created_at", "2016-07-04 19:33:04.885298"], ["updated_at", "2016-07-04 19:33:04.885298"]]
  [1m[36m (0.3ms)[0m  [1mCOMMIT[0m
  [1m[35m (0.1ms)[0m  BEGIN
  [1m[36mSQL (0.2ms)[0m  [1mINSERT INTO "users" ("first_name", "last_name", "username", "email", "created_at", "updated_at") VALUES ($1, $2, $3, $4, $5, $6) RETURNING "id"[0m  [["first_name", "User 48 FN"], ["last_name", "User 48 LN"], ["username", "User 48"], ["email", "user48@example.com"], ["created_at", "2016-07-04 19:33:04.886960"], ["updated_at", "2016-07-04 19:33:04.886960"]]
  [1m[35m (0.3ms)[0m  COMMIT
  [1m[36m (0.1ms)[0m  [1mBEGIN[0m
  [1m[35mSQL (0.2ms)[0m  INSERT INTO "users" ("first_name", "last_name", "username", "email", "created_at", "updated_at") VALUES ($1, $2, $3, $4, $5, $6) RETURNING "id"  [["first_name", "User 49 FN"], ["last_name", "User 49 LN"], ["username", "User 49"], ["email", "user49@example.com"], ["created_at", "2016-07-04 19:33:04.888585"], ["updated_at", "2016-07-04 19:33:04.888585"]]
  [1m[36m (0.2ms)[0m  [1mCOMMIT[0m
  [1m[35m (0.1ms)[0m  BEGIN
  [1m[36mSQL (0.2ms)[0m  [1mINSERT INTO "users" ("first_name", "last_name", "username", "email", "created_at", "updated_at") VALUES ($1, $2, $3, $4, $5, $6) RETURNING "id"[0m  [["first_name", "User 50 FN"], ["last_name", "User 50 LN"], ["username", "User 50"], ["email", "user50@example.com"], ["created_at", "2016-07-04 19:33:04.890106"], ["updated_at", "2016-07-04 19:33:04.890106"]]
  [1m[35m (0.3ms)[0m  COMMIT
  [1m[36m (0.1ms)[0m  [1mBEGIN[0m
  [1m[35mSQL (0.2ms)[0m  INSERT INTO "users" ("first_name", "last_name", "username", "email", "created_at", "updated_at") VALUES ($1, $2, $3, $4, $5, $6) RETURNING "id"  [["first_name", "User 51 FN"], ["last_name", "User 51 LN"], ["username", "User 51"], ["email", "user51@example.com"], ["created_at", "2016-07-04 19:33:04.891693"], ["updated_at", "2016-07-04 19:33:04.891693"]]
  [1m[36m (0.3ms)[0m  [1mCOMMIT[0m
  [1m[35m (0.1ms)[0m  BEGIN
  [1m[36mSQL (0.2ms)[0m  [1mINSERT INTO "users" ("first_name", "last_name", "username", "email", "created_at", "updated_at") VALUES ($1, $2, $3, $4, $5, $6) RETURNING "id"[0m  [["first_name", "User 52 FN"], ["last_name", "User 52 LN"], ["username", "User 52"], ["email", "user52@example.com"], ["created_at", "2016-07-04 19:33:04.893368"], ["updated_at", "2016-07-04 19:33:04.893368"]]
  [1m[35m (0.3ms)[0m  COMMIT
  [1m[36m (0.1ms)[0m  [1mBEGIN[0m
  [1m[35mSQL (0.2ms)[0m  INSERT INTO "users" ("first_name", "last_name", "username", "email", "created_at", "updated_at") VALUES ($1, $2, $3, $4, $5, $6) RETURNING "id"  [["first_name", "User 53 FN"], ["last_name", "User 53 LN"], ["username", "User 53"], ["email", "user53@example.com"], ["created_at", "2016-07-04 19:33:04.894991"], ["updated_at", "2016-07-04 19:33:04.894991"]]
  [1m[36m (0.3ms)[0m  [1mCOMMIT[0m
  [1m[35m (0.1ms)[0m  BEGIN
  [1m[36mSQL (0.2ms)[0m  [1mINSERT INTO "users" ("first_name", "last_name", "username", "email", "created_at", "updated_at") VALUES ($1, $2, $3, $4, $5, $6) RETURNING "id"[0m  [["first_name", "User 54 FN"], ["last_name", "User 54 LN"], ["username", "User 54"], ["email", "user54@example.com"], ["created_at", "2016-07-04 19:33:04.896545"], ["updated_at", "2016-07-04 19:33:04.896545"]]
  [1m[35m (0.3ms)[0m  COMMIT
  [1m[36m (0.1ms)[0m  [1mBEGIN[0m
  [1m[35mSQL (0.2ms)[0m  INSERT INTO "users" ("first_name", "last_name", "username", "email", "created_at", "updated_at") VALUES ($1, $2, $3, $4, $5, $6) RETURNING "id"  [["first_name", "User 55 FN"], ["last_name", "User 55 LN"], ["username", "User 55"], ["email", "user55@example.com"], ["created_at", "2016-07-04 19:33:04.898170"], ["updated_at", "2016-07-04 19:33:04.898170"]]
  [1m[36m (0.3ms)[0m  [1mCOMMIT[0m
  [1m[35m (0.1ms)[0m  BEGIN
  [1m[36mSQL (0.2ms)[0m  [1mINSERT INTO "users" ("first_name", "last_name", "username", "email", "created_at", "updated_at") VALUES ($1, $2, $3, $4, $5, $6) RETURNING "id"[0m  [["first_name", "User 56 FN"], ["last_name", "User 56 LN"], ["username", "User 56"], ["email", "user56@example.com"], ["created_at", "2016-07-04 19:33:04.899709"], ["updated_at", "2016-07-04 19:33:04.899709"]]
  [1m[35m (0.3ms)[0m  COMMIT
  [1m[36m (0.1ms)[0m  [1mBEGIN[0m
  [1m[35mSQL (0.2ms)[0m  INSERT INTO "users" ("first_name", "last_name", "username", "email", "created_at", "updated_at") VALUES ($1, $2, $3, $4, $5, $6) RETURNING "id"  [["first_name", "User 57 FN"], ["last_name", "User 57 LN"], ["username", "User 57"], ["email", "user57@example.com"], ["created_at", "2016-07-04 19:33:04.901353"], ["updated_at", "2016-07-04 19:33:04.901353"]]
  [1m[36m (0.3ms)[0m  [1mCOMMIT[0m
  [1m[35m (0.1ms)[0m  BEGIN
  [1m[36mSQL (0.2ms)[0m  [1mINSERT INTO "users" ("first_name", "last_name", "username", "email", "created_at", "updated_at") VALUES ($1, $2, $3, $4, $5, $6) RETURNING "id"[0m  [["first_name", "User 58 FN"], ["last_name", "User 58 LN"], ["username", "User 58"], ["email", "user58@example.com"], ["created_at", "2016-07-04 19:33:04.902902"], ["updated_at", "2016-07-04 19:33:04.902902"]]
  [1m[35m (0.3ms)[0m  COMMIT
  [1m[36m (0.1ms)[0m  [1mBEGIN[0m
  [1m[35mSQL (0.2ms)[0m  INSERT INTO "users" ("first_name", "last_name", "username", "email", "created_at", "updated_at") VALUES ($1, $2, $3, $4, $5, $6) RETURNING "id"  [["first_name", "User 59 FN"], ["last_name", "User 59 LN"], ["username", "User 59"], ["email", "user59@example.com"], ["created_at", "2016-07-04 19:33:04.904447"], ["updated_at", "2016-07-04 19:33:04.904447"]]
  [1m[36m (0.3ms)[0m  [1mCOMMIT[0m
  [1m[35m (0.1ms)[0m  BEGIN
  [1m[36mSQL (0.2ms)[0m  [1mINSERT INTO "users" ("first_name", "last_name", "username", "email", "created_at", "updated_at") VALUES ($1, $2, $3, $4, $5, $6) RETURNING "id"[0m  [["first_name", "User 60 FN"], ["last_name", "User 60 LN"], ["username", "User 60"], ["email", "user60@example.com"], ["created_at", "2016-07-04 19:33:04.906175"], ["updated_at", "2016-07-04 19:33:04.906175"]]
  [1m[35m (0.3ms)[0m  COMMIT
  [1m[36m (0.1ms)[0m  [1mBEGIN[0m
  [1m[35mSQL (0.2ms)[0m  INSERT INTO "users" ("first_name", "last_name", "username", "email", "created_at", "updated_at") VALUES ($1, $2, $3, $4, $5, $6) RETURNING "id"  [["first_name", "User 61 FN"], ["last_name", "User 61 LN"], ["username", "User 61"], ["email", "user61@example.com"], ["created_at", "2016-07-04 19:33:04.907780"], ["updated_at", "2016-07-04 19:33:04.907780"]]
  [1m[36m (0.3ms)[0m  [1mCOMMIT[0m
  [1m[35m (0.1ms)[0m  BEGIN
  [1m[36mSQL (0.2ms)[0m  [1mINSERT INTO "users" ("first_name", "last_name", "username", "email", "created_at", "updated_at") VALUES ($1, $2, $3, $4, $5, $6) RETURNING "id"[0m  [["first_name", "User 62 FN"], ["last_name", "User 62 LN"], ["username", "User 62"], ["email", "user62@example.com"], ["created_at", "2016-07-04 19:33:04.909435"], ["updated_at", "2016-07-04 19:33:04.909435"]]
  [1m[35m (0.3ms)[0m  COMMIT
  [1m[36m (0.1ms)[0m  [1mBEGIN[0m
  [1m[35mSQL (0.2ms)[0m  INSERT INTO "users" ("first_name", "last_name", "username", "email", "created_at", "updated_at") VALUES ($1, $2, $3, $4, $5, $6) RETURNING "id"  [["first_name", "User 63 FN"], ["last_name", "User 63 LN"], ["username", "User 63"], ["email", "user63@example.com"], ["created_at", "2016-07-04 19:33:04.911045"], ["updated_at", "2016-07-04 19:33:04.911045"]]
  [1m[36m (0.3ms)[0m  [1mCOMMIT[0m
  [1m[35m (0.1ms)[0m  BEGIN
  [1m[36mSQL (0.2ms)[0m  [1mINSERT INTO "users" ("first_name", "last_name", "username", "email", "created_at", "updated_at") VALUES ($1, $2, $3, $4, $5, $6) RETURNING "id"[0m  [["first_name", "User 64 FN"], ["last_name", "User 64 LN"], ["username", "User 64"], ["email", "user64@example.com"], ["created_at", "2016-07-04 19:33:04.912706"], ["updated_at", "2016-07-04 19:33:04.912706"]]
  [1m[35m (0.3ms)[0m  COMMIT
  [1m[36m (0.1ms)[0m  [1mBEGIN[0m
  [1m[35mSQL (0.2ms)[0m  INSERT INTO "users" ("first_name", "last_name", "username", "email", "created_at", "updated_at") VALUES ($1, $2, $3, $4, $5, $6) RETURNING "id"  [["first_name", "User 65 FN"], ["last_name", "User 65 LN"], ["username", "User 65"], ["email", "user65@example.com"], ["created_at", "2016-07-04 19:33:04.914268"], ["updated_at", "2016-07-04 19:33:04.914268"]]
  [1m[36m (0.3ms)[0m  [1mCOMMIT[0m
  [1m[35m (0.1ms)[0m  BEGIN
  [1m[36mSQL (0.3ms)[0m  [1mINSERT INTO "users" ("first_name", "last_name", "username", "email", "created_at", "updated_at") VALUES ($1, $2, $3, $4, $5, $6) RETURNING "id"[0m  [["first_name", "User 66 FN"], ["last_name", "User 66 LN"], ["username", "User 66"], ["email", "user66@example.com"], ["created_at", "2016-07-04 19:33:04.915953"], ["updated_at", "2016-07-04 19:33:04.915953"]]
  [1m[35m (0.3ms)[0m  COMMIT
  [1m[36m (0.1ms)[0m  [1mBEGIN[0m
  [1m[35mSQL (0.2ms)[0m  INSERT INTO "users" ("first_name", "last_name", "username", "email", "created_at", "updated_at") VALUES ($1, $2, $3, $4, $5, $6) RETURNING "id"  [["first_name", "User 67 FN"], ["last_name", "User 67 LN"], ["username", "User 67"], ["email", "user67@example.com"], ["created_at", "2016-07-04 19:33:04.917861"], ["updated_at", "2016-07-04 19:33:04.917861"]]
  [1m[36m (0.3ms)[0m  [1mCOMMIT[0m
  [1m[35m (0.1ms)[0m  BEGIN
  [1m[36mSQL (0.3ms)[0m  [1mINSERT INTO "users" ("first_name", "last_name", "username", "email", "created_at", "updated_at") VALUES ($1, $2, $3, $4, $5, $6) RETURNING "id"[0m  [["first_name", "User 68 FN"], ["last_name", "User 68 LN"], ["username", "User 68"], ["email", "user68@example.com"], ["created_at", "2016-07-04 19:33:04.919443"], ["updated_at", "2016-07-04 19:33:04.919443"]]
  [1m[35m (0.3ms)[0m  COMMIT
  [1m[36m (0.1ms)[0m  [1mBEGIN[0m
  [1m[35mSQL (0.2ms)[0m  INSERT INTO "users" ("first_name", "last_name", "username", "email", "created_at", "updated_at") VALUES ($1, $2, $3, $4, $5, $6) RETURNING "id"  [["first_name", "User 69 FN"], ["last_name", "User 69 LN"], ["username", "User 69"], ["email", "user69@example.com"], ["created_at", "2016-07-04 19:33:04.924585"], ["updated_at", "2016-07-04 19:33:04.924585"]]
  [1m[36m (0.3ms)[0m  [1mCOMMIT[0m
  [1m[35m (0.1ms)[0m  BEGIN
  [1m[36mSQL (0.2ms)[0m  [1mINSERT INTO "users" ("first_name", "last_name", "username", "email", "created_at", "updated_at") VALUES ($1, $2, $3, $4, $5, $6) RETURNING "id"[0m  [["first_name", "User 70 FN"], ["last_name", "User 70 LN"], ["username", "User 70"], ["email", "user70@example.com"], ["created_at", "2016-07-04 19:33:04.926192"], ["updated_at", "2016-07-04 19:33:04.926192"]]
  [1m[35m (0.3ms)[0m  COMMIT
  [1m[36m (0.1ms)[0m  [1mBEGIN[0m
  [1m[35mSQL (0.2ms)[0m  INSERT INTO "users" ("first_name", "last_name", "username", "email", "created_at", "updated_at") VALUES ($1, $2, $3, $4, $5, $6) RETURNING "id"  [["first_name", "User 71 FN"], ["last_name", "User 71 LN"], ["username", "User 71"], ["email", "user71@example.com"], ["created_at", "2016-07-04 19:33:04.927691"], ["updated_at", "2016-07-04 19:33:04.927691"]]
  [1m[36m (0.3ms)[0m  [1mCOMMIT[0m
  [1m[35m (0.1ms)[0m  BEGIN
  [1m[36mSQL (0.2ms)[0m  [1mINSERT INTO "users" ("first_name", "last_name", "username", "email", "created_at", "updated_at") VALUES ($1, $2, $3, $4, $5, $6) RETURNING "id"[0m  [["first_name", "User 72 FN"], ["last_name", "User 72 LN"], ["username", "User 72"], ["email", "user72@example.com"], ["created_at", "2016-07-04 19:33:04.929390"], ["updated_at", "2016-07-04 19:33:04.929390"]]
  [1m[35m (0.3ms)[0m  COMMIT
  [1m[36m (0.1ms)[0m  [1mBEGIN[0m
  [1m[35mSQL (0.2ms)[0m  INSERT INTO "users" ("first_name", "last_name", "username", "email", "created_at", "updated_at") VALUES ($1, $2, $3, $4, $5, $6) RETURNING "id"  [["first_name", "User 73 FN"], ["last_name", "User 73 LN"], ["username", "User 73"], ["email", "user73@example.com"], ["created_at", "2016-07-04 19:33:04.930924"], ["updated_at", "2016-07-04 19:33:04.930924"]]
  [1m[36m (0.2ms)[0m  [1mCOMMIT[0m
  [1m[35m (0.1ms)[0m  BEGIN
  [1m[36mSQL (0.2ms)[0m  [1mINSERT INTO "users" ("first_name", "last_name", "username", "email", "created_at", "updated_at") VALUES ($1, $2, $3, $4, $5, $6) RETURNING "id"[0m  [["first_name", "User 74 FN"], ["last_name", "User 74 LN"], ["username", "User 74"], ["email", "user74@example.com"], ["created_at", "2016-07-04 19:33:04.932348"], ["updated_at", "2016-07-04 19:33:04.932348"]]
  [1m[35m (0.3ms)[0m  COMMIT
  [1m[36m (0.1ms)[0m  [1mBEGIN[0m
  [1m[35mSQL (0.2ms)[0m  INSERT INTO "users" ("first_name", "last_name", "username", "email", "created_at", "updated_at") VALUES ($1, $2, $3, $4, $5, $6) RETURNING "id"  [["first_name", "User 75 FN"], ["last_name", "User 75 LN"], ["username", "User 75"], ["email", "user75@example.com"], ["created_at", "2016-07-04 19:33:04.933815"], ["updated_at", "2016-07-04 19:33:04.933815"]]
  [1m[36m (0.3ms)[0m  [1mCOMMIT[0m
  [1m[35m (0.1ms)[0m  BEGIN
  [1m[36mSQL (0.2ms)[0m  [1mINSERT INTO "users" ("first_name", "last_name", "username", "email", "created_at", "updated_at") VALUES ($1, $2, $3, $4, $5, $6) RETURNING "id"[0m  [["first_name", "User 76 FN"], ["last_name", "User 76 LN"], ["username", "User 76"], ["email", "user76@example.com"], ["created_at", "2016-07-04 19:33:04.935211"], ["updated_at", "2016-07-04 19:33:04.935211"]]
  [1m[35m (0.2ms)[0m  COMMIT
  [1m[36m (0.1ms)[0m  [1mBEGIN[0m
  [1m[35mSQL (0.2ms)[0m  INSERT INTO "users" ("first_name", "last_name", "username", "email", "created_at", "updated_at") VALUES ($1, $2, $3, $4, $5, $6) RETURNING "id"  [["first_name", "User 77 FN"], ["last_name", "User 77 LN"], ["username", "User 77"], ["email", "user77@example.com"], ["created_at", "2016-07-04 19:33:04.936710"], ["updated_at", "2016-07-04 19:33:04.936710"]]
  [1m[36m (0.2ms)[0m  [1mCOMMIT[0m
  [1m[35m (0.1ms)[0m  BEGIN
  [1m[36mSQL (0.2ms)[0m  [1mINSERT INTO "users" ("first_name", "last_name", "username", "email", "created_at", "updated_at") VALUES ($1, $2, $3, $4, $5, $6) RETURNING "id"[0m  [["first_name", "User 78 FN"], ["last_name", "User 78 LN"], ["username", "User 78"], ["email", "user78@example.com"], ["created_at", "2016-07-04 19:33:04.938100"], ["updated_at", "2016-07-04 19:33:04.938100"]]
  [1m[35m (0.3ms)[0m  COMMIT
  [1m[36m (0.1ms)[0m  [1mBEGIN[0m
  [1m[35mSQL (0.2ms)[0m  INSERT INTO "users" ("first_name", "last_name", "username", "email", "created_at", "updated_at") VALUES ($1, $2, $3, $4, $5, $6) RETURNING "id"  [["first_name", "User 79 FN"], ["last_name", "User 79 LN"], ["username", "User 79"], ["email", "user79@example.com"], ["created_at", "2016-07-04 19:33:04.939577"], ["updated_at", "2016-07-04 19:33:04.939577"]]
  [1m[36m (0.3ms)[0m  [1mCOMMIT[0m
  [1m[35m (0.1ms)[0m  BEGIN
  [1m[36mSQL (0.2ms)[0m  [1mINSERT INTO "users" ("first_name", "last_name", "username", "email", "created_at", "updated_at") VALUES ($1, $2, $3, $4, $5, $6) RETURNING "id"[0m  [["first_name", "User 80 FN"], ["last_name", "User 80 LN"], ["username", "User 80"], ["email", "user80@example.com"], ["created_at", "2016-07-04 19:33:04.941076"], ["updated_at", "2016-07-04 19:33:04.941076"]]
  [1m[35m (0.3ms)[0m  COMMIT
  [1m[36m (0.1ms)[0m  [1mBEGIN[0m
  [1m[35mSQL (0.5ms)[0m  INSERT INTO "users" ("first_name", "last_name", "username", "email", "created_at", "updated_at") VALUES ($1, $2, $3, $4, $5, $6) RETURNING "id"  [["first_name", "User 81 FN"], ["last_name", "User 81 LN"], ["username", "User 81"], ["email", "user81@example.com"], ["created_at", "2016-07-04 19:33:04.942460"], ["updated_at", "2016-07-04 19:33:04.942460"]]
  [1m[36m (0.3ms)[0m  [1mCOMMIT[0m
  [1m[35m (0.1ms)[0m  BEGIN
  [1m[36mSQL (0.2ms)[0m  [1mINSERT INTO "users" ("first_name", "last_name", "username", "email", "created_at", "updated_at") VALUES ($1, $2, $3, $4, $5, $6) RETURNING "id"[0m  [["first_name", "User 82 FN"], ["last_name", "User 82 LN"], ["username", "User 82"], ["email", "user82@example.com"], ["created_at", "2016-07-04 19:33:04.944270"], ["updated_at", "2016-07-04 19:33:04.944270"]]
  [1m[35m (0.2ms)[0m  COMMIT
  [1m[36m (0.1ms)[0m  [1mBEGIN[0m
  [1m[35mSQL (0.2ms)[0m  INSERT INTO "users" ("first_name", "last_name", "username", "email", "created_at", "updated_at") VALUES ($1, $2, $3, $4, $5, $6) RETURNING "id"  [["first_name", "User 83 FN"], ["last_name", "User 83 LN"], ["username", "User 83"], ["email", "user83@example.com"], ["created_at", "2016-07-04 19:33:04.945746"], ["updated_at", "2016-07-04 19:33:04.945746"]]
  [1m[36m (0.3ms)[0m  [1mCOMMIT[0m
  [1m[35m (0.1ms)[0m  BEGIN
  [1m[36mSQL (0.2ms)[0m  [1mINSERT INTO "users" ("first_name", "last_name", "username", "email", "created_at", "updated_at") VALUES ($1, $2, $3, $4, $5, $6) RETURNING "id"[0m  [["first_name", "User 84 FN"], ["last_name", "User 84 LN"], ["username", "User 84"], ["email", "user84@example.com"], ["created_at", "2016-07-04 19:33:04.947225"], ["updated_at", "2016-07-04 19:33:04.947225"]]
  [1m[35m (0.3ms)[0m  COMMIT
  [1m[36m (0.1ms)[0m  [1mBEGIN[0m
  [1m[35mSQL (0.2ms)[0m  INSERT INTO "users" ("first_name", "last_name", "username", "email", "created_at", "updated_at") VALUES ($1, $2, $3, $4, $5, $6) RETURNING "id"  [["first_name", "User 85 FN"], ["last_name", "User 85 LN"], ["username", "User 85"], ["email", "user85@example.com"], ["created_at", "2016-07-04 19:33:04.948661"], ["updated_at", "2016-07-04 19:33:04.948661"]]
  [1m[36m (0.3ms)[0m  [1mCOMMIT[0m
  [1m[35m (0.1ms)[0m  BEGIN
  [1m[36mSQL (0.2ms)[0m  [1mINSERT INTO "users" ("first_name", "last_name", "username", "email", "created_at", "updated_at") VALUES ($1, $2, $3, $4, $5, $6) RETURNING "id"[0m  [["first_name", "User 86 FN"], ["last_name", "User 86 LN"], ["username", "User 86"], ["email", "user86@example.com"], ["created_at", "2016-07-04 19:33:04.950122"], ["updated_at", "2016-07-04 19:33:04.950122"]]
  [1m[35m (0.2ms)[0m  COMMIT
  [1m[36m (0.1ms)[0m  [1mBEGIN[0m
  [1m[35mSQL (0.2ms)[0m  INSERT INTO "users" ("first_name", "last_name", "username", "email", "created_at", "updated_at") VALUES ($1, $2, $3, $4, $5, $6) RETURNING "id"  [["first_name", "User 87 FN"], ["last_name", "User 87 LN"], ["username", "User 87"], ["email", "user87@example.com"], ["created_at", "2016-07-04 19:33:04.951540"], ["updated_at", "2016-07-04 19:33:04.951540"]]
  [1m[36m (0.3ms)[0m  [1mCOMMIT[0m
  [1m[35m (0.1ms)[0m  BEGIN
  [1m[36mSQL (0.2ms)[0m  [1mINSERT INTO "users" ("first_name", "last_name", "username", "email", "created_at", "updated_at") VALUES ($1, $2, $3, $4, $5, $6) RETURNING "id"[0m  [["first_name", "User 88 FN"], ["last_name", "User 88 LN"], ["username", "User 88"], ["email", "user88@example.com"], ["created_at", "2016-07-04 19:33:04.952976"], ["updated_at", "2016-07-04 19:33:04.952976"]]
  [1m[35m (0.3ms)[0m  COMMIT
  [1m[36m (0.1ms)[0m  [1mBEGIN[0m
  [1m[35mSQL (0.2ms)[0m  INSERT INTO "users" ("first_name", "last_name", "username", "email", "created_at", "updated_at") VALUES ($1, $2, $3, $4, $5, $6) RETURNING "id"  [["first_name", "User 89 FN"], ["last_name", "User 89 LN"], ["username", "User 89"], ["email", "user89@example.com"], ["created_at", "2016-07-04 19:33:04.954592"], ["updated_at", "2016-07-04 19:33:04.954592"]]
  [1m[36m (0.2ms)[0m  [1mCOMMIT[0m
  [1m[35m (0.1ms)[0m  BEGIN
  [1m[36mSQL (0.2ms)[0m  [1mINSERT INTO "users" ("first_name", "last_name", "username", "email", "created_at", "updated_at") VALUES ($1, $2, $3, $4, $5, $6) RETURNING "id"[0m  [["first_name", "User 90 FN"], ["last_name", "User 90 LN"], ["username", "User 90"], ["email", "user90@example.com"], ["created_at", "2016-07-04 19:33:04.956066"], ["updated_at", "2016-07-04 19:33:04.956066"]]
  [1m[35m (0.2ms)[0m  COMMIT
  [1m[36m (0.1ms)[0m  [1mBEGIN[0m
  [1m[35mSQL (0.2ms)[0m  INSERT INTO "users" ("first_name", "last_name", "username", "email", "created_at", "updated_at") VALUES ($1, $2, $3, $4, $5, $6) RETURNING "id"  [["first_name", "User 91 FN"], ["last_name", "User 91 LN"], ["username", "User 91"], ["email", "user91@example.com"], ["created_at", "2016-07-04 19:33:04.957452"], ["updated_at", "2016-07-04 19:33:04.957452"]]
  [1m[36m (0.2ms)[0m  [1mCOMMIT[0m
  [1m[35m (0.1ms)[0m  BEGIN
  [1m[36mSQL (0.2ms)[0m  [1mINSERT INTO "users" ("first_name", "last_name", "username", "email", "created_at", "updated_at") VALUES ($1, $2, $3, $4, $5, $6) RETURNING "id"[0m  [["first_name", "User 92 FN"], ["last_name", "User 92 LN"], ["username", "User 92"], ["email", "user92@example.com"], ["created_at", "2016-07-04 19:33:04.958880"], ["updated_at", "2016-07-04 19:33:04.958880"]]
  [1m[35m (0.2ms)[0m  COMMIT
  [1m[36m (0.1ms)[0m  [1mBEGIN[0m
  [1m[35mSQL (0.2ms)[0m  INSERT INTO "users" ("first_name", "last_name", "username", "email", "created_at", "updated_at") VALUES ($1, $2, $3, $4, $5, $6) RETURNING "id"  [["first_name", "User 93 FN"], ["last_name", "User 93 LN"], ["username", "User 93"], ["email", "user93@example.com"], ["created_at", "2016-07-04 19:33:04.960311"], ["updated_at", "2016-07-04 19:33:04.960311"]]
  [1m[36m (0.3ms)[0m  [1mCOMMIT[0m
  [1m[35m (0.1ms)[0m  BEGIN
  [1m[36mSQL (0.2ms)[0m  [1mINSERT INTO "users" ("first_name", "last_name", "username", "email", "created_at", "updated_at") VALUES ($1, $2, $3, $4, $5, $6) RETURNING "id"[0m  [["first_name", "User 94 FN"], ["last_name", "User 94 LN"], ["username", "User 94"], ["email", "user94@example.com"], ["created_at", "2016-07-04 19:33:04.961853"], ["updated_at", "2016-07-04 19:33:04.961853"]]
  [1m[35m (0.3ms)[0m  COMMIT
  [1m[36m (0.1ms)[0m  [1mBEGIN[0m
  [1m[35mSQL (0.2ms)[0m  INSERT INTO "users" ("first_name", "last_name", "username", "email", "created_at", "updated_at") VALUES ($1, $2, $3, $4, $5, $6) RETURNING "id"  [["first_name", "User 95 FN"], ["last_name", "User 95 LN"], ["username", "User 95"], ["email", "user95@example.com"], ["created_at", "2016-07-04 19:33:04.963638"], ["updated_at", "2016-07-04 19:33:04.963638"]]
  [1m[36m (0.2ms)[0m  [1mCOMMIT[0m
  [1m[35m (0.1ms)[0m  BEGIN
  [1m[36mSQL (0.2ms)[0m  [1mINSERT INTO "users" ("first_name", "last_name", "username", "email", "created_at", "updated_at") VALUES ($1, $2, $3, $4, $5, $6) RETURNING "id"[0m  [["first_name", "User 96 FN"], ["last_name", "User 96 LN"], ["username", "User 96"], ["email", "user96@example.com"], ["created_at", "2016-07-04 19:33:04.965025"], ["updated_at", "2016-07-04 19:33:04.965025"]]
  [1m[35m (0.2ms)[0m  COMMIT
  [1m[36m (0.1ms)[0m  [1mBEGIN[0m
  [1m[35mSQL (0.2ms)[0m  INSERT INTO "users" ("first_name", "last_name", "username", "email", "created_at", "updated_at") VALUES ($1, $2, $3, $4, $5, $6) RETURNING "id"  [["first_name", "User 97 FN"], ["last_name", "User 97 LN"], ["username", "User 97"], ["email", "user97@example.com"], ["created_at", "2016-07-04 19:33:04.966451"], ["updated_at", "2016-07-04 19:33:04.966451"]]
  [1m[36m (0.2ms)[0m  [1mCOMMIT[0m
  [1m[35m (0.1ms)[0m  BEGIN
  [1m[36mSQL (0.2ms)[0m  [1mINSERT INTO "users" ("first_name", "last_name", "username", "email", "created_at", "updated_at") VALUES ($1, $2, $3, $4, $5, $6) RETURNING "id"[0m  [["first_name", "User 98 FN"], ["last_name", "User 98 LN"], ["username", "User 98"], ["email", "user98@example.com"], ["created_at", "2016-07-04 19:33:04.967830"], ["updated_at", "2016-07-04 19:33:04.967830"]]
  [1m[35m (0.2ms)[0m  COMMIT
  [1m[36m (0.1ms)[0m  [1mBEGIN[0m
  [1m[35mSQL (0.2ms)[0m  INSERT INTO "users" ("first_name", "last_name", "username", "email", "created_at", "updated_at") VALUES ($1, $2, $3, $4, $5, $6) RETURNING "id"  [["first_name", "User 99 FN"], ["last_name", "User 99 LN"], ["username", "User 99"], ["email", "user99@example.com"], ["created_at", "2016-07-04 19:33:04.969222"], ["updated_at", "2016-07-04 19:33:04.969222"]]
  [1m[36m (0.2ms)[0m  [1mCOMMIT[0m


Started GET "/users" for ::1 at 2016-07-04 12:33:14 -0700
Processing by UsersController#index as */*
  [1m[35mUser Load (0.5ms)[0m  SELECT "users".* FROM "users"
Completed 200 OK in 29ms (Views: 28.4ms | ActiveRecord: 0.5ms)


Started GET "/users" for ::1 at 2016-07-04 12:33:17 -0700
Processing by UsersController#index as HTML
  [1m[36mUser Load (0.6ms)[0m  [1mSELECT "users".* FROM "users"[0m
Completed 200 OK in 18ms (Views: 17.5ms | ActiveRecord: 0.6ms)
  [1m[36m (0.8ms)[0m  [1mSELECT COUNT(*) FROM "users"[0m


Started GET "/users" for ::1 at 2016-07-04 12:35:54 -0700
Processing by UsersController#index as HTML
  [1m[35mUser Load (1.0ms)[0m  SELECT "users".* FROM "users"
Completed 200 OK in 21ms (Views: 20.2ms | ActiveRecord: 1.0ms)


Started GET "/users/create" for ::1 at 2016-07-04 12:43:36 -0700
Processing by UsersController#show as HTML
  Parameters: {"id"=>"create"}
  [1m[36mUser Load (0.7ms)[0m  [1mSELECT  "users".* FROM "users" WHERE "users"."id" = $1 LIMIT 1[0m  [["id", 0]]
Completed 404 Not Found in 2ms (ActiveRecord: 0.9ms)

ActiveRecord::RecordNotFound (Couldn't find User with 'id'=create):
  app/controllers/users_controller.rb:53:in `set_user'


  Rendered /Users/jborrey/.rbenv/versions/2.3.0/lib/ruby/gems/2.3.0/gems/actionpack-4.2.6/lib/action_dispatch/middleware/templates/rescues/_source.erb (2.7ms)
  Rendered /Users/jborrey/.rbenv/versions/2.3.0/lib/ruby/gems/2.3.0/gems/actionpack-4.2.6/lib/action_dispatch/middleware/templates/rescues/_trace.html.erb (1.6ms)
  Rendered /Users/jborrey/.rbenv/versions/2.3.0/lib/ruby/gems/2.3.0/gems/actionpack-4.2.6/lib/action_dispatch/middleware/templates/rescues/_request_and_response.html.erb (1.1ms)
  Rendered /Users/jborrey/.rbenv/versions/2.3.0/lib/ruby/gems/2.3.0/gems/actionpack-4.2.6/lib/action_dispatch/middleware/templates/rescues/diagnostics.html.erb within rescues/layout (34.8ms)


Started POST "/users/create" for ::1 at 2016-07-04 12:44:40 -0700

ActionController::RoutingError (No route matches [POST] "/users/create"):
  actionpack (4.2.6) lib/action_dispatch/middleware/debug_exceptions.rb:21:in `call'
  actionpack (4.2.6) lib/action_dispatch/middleware/show_exceptions.rb:30:in `call'
  railties (4.2.6) lib/rails/rack/logger.rb:38:in `call_app'
  railties (4.2.6) lib/rails/rack/logger.rb:20:in `block in call'
  activesupport (4.2.6) lib/active_support/tagged_logging.rb:68:in `block in tagged'
  activesupport (4.2.6) lib/active_support/tagged_logging.rb:26:in `tagged'
  activesupport (4.2.6) lib/active_support/tagged_logging.rb:68:in `tagged'
  railties (4.2.6) lib/rails/rack/logger.rb:20:in `call'
  actionpack (4.2.6) lib/action_dispatch/middleware/request_id.rb:21:in `call'
  rack (1.6.4) lib/rack/runtime.rb:18:in `call'
  activesupport (4.2.6) lib/active_support/cache/strategy/local_cache_middleware.rb:28:in `call'
  rack (1.6.4) lib/rack/lock.rb:17:in `call'
  actionpack (4.2.6) lib/action_dispatch/middleware/static.rb:120:in `call'
  railties (4.2.6) lib/rails/engine.rb:518:in `call'
  railties (4.2.6) lib/rails/application.rb:165:in `call'
  rack (1.6.4) lib/rack/lock.rb:17:in `call'
  rack (1.6.4) lib/rack/content_length.rb:15:in `call'
  rack (1.6.4) lib/rack/handler/webrick.rb:88:in `service'
  /Users/jborrey/.rbenv/versions/2.3.0/lib/ruby/2.3.0/webrick/httpserver.rb:140:in `service'
  /Users/jborrey/.rbenv/versions/2.3.0/lib/ruby/2.3.0/webrick/httpserver.rb:96:in `run'
  /Users/jborrey/.rbenv/versions/2.3.0/lib/ruby/2.3.0/webrick/server.rb:296:in `block in start_thread'


  Rendered /Users/jborrey/.rbenv/versions/2.3.0/lib/ruby/gems/2.3.0/gems/actionpack-4.2.6/lib/action_dispatch/middleware/templates/rescues/_trace.html.erb (1.4ms)
  Rendered /Users/jborrey/.rbenv/versions/2.3.0/lib/ruby/gems/2.3.0/gems/actionpack-4.2.6/lib/action_dispatch/middleware/templates/routes/_route.html.erb (0.8ms)
  Rendered /Users/jborrey/.rbenv/versions/2.3.0/lib/ruby/gems/2.3.0/gems/actionpack-4.2.6/lib/action_dispatch/middleware/templates/routes/_table.html.erb (7.2ms)
  Rendered /Users/jborrey/.rbenv/versions/2.3.0/lib/ruby/gems/2.3.0/gems/actionpack-4.2.6/lib/action_dispatch/middleware/templates/rescues/_request_and_response.html.erb (3.2ms)
  Rendered /Users/jborrey/.rbenv/versions/2.3.0/lib/ruby/gems/2.3.0/gems/actionpack-4.2.6/lib/action_dispatch/middleware/templates/rescues/routing_error.html.erb within rescues/layout (68.4ms)
